Start testing: Jan 29 22:43 GMT
----------------------------------------------------------
1/1 Testing: TestLinking
1/1 Test: TestLinking
Command: "/Users/horta/workspace/numcpp/test/test_linking"
Directory: /Users/horta/workspace/numcpp
"TestLinking" start time: Jan 29 22:43 GMT
Output:
----------------------------------------------------------
<end of output>
Test time =   0.00 sec
----------------------------------------------------------
Test Passed.
"TestLinking" end time: Jan 29 22:43 GMT
"TestLinking" time elapsed: 00:00:00
----------------------------------------------------------

End testing: Jan 29 22:43 GMT
